<?xml version="1.0" encoding="UTF-8"?>
<!-- Generated by org.testng.reporters.JUnitReportReporter -->
<testsuite hostname="HbpSoft" failures="0" tests="3" name="com.test.PP_Machines_storage.Atlas_Annotation_Data" time="29.142" errors="0" timestamp="2024-06-25T13:05:52 IST" skipped="0">
  <testcase classname="com.test.PP_Machines_storage.Atlas_Annotation_Data" name="testListFiles" time="3.498"/>
  <system-out/>
  <testcase classname="com.test.PP_Machines_storage.Atlas_Annotation_Data" name="testPrintFiles" time="0.033"/>
  <system-out/>
  <testcase classname="com.test.PP_Machines_storage.Atlas_Annotation_Data" name="testFlatTreeJsonFiles" time="25.611"/>
  <system-out/>
</testsuite> <!-- com.test.PP_Machines_storage.Atlas_Annotation_Data -->
