<?xml version="1.0" encoding="UTF-8"?>
<!-- Generated by org.testng.reporters.JUnitReportReporter -->
<testsuite hostname="HbpSoft" failures="0" tests="1" name="com.test.PP_Machines_storage.Region_Count" time="12.257" errors="0" timestamp="2024-06-25T15:21:36 IST" skipped="0">
  <testcase classname="com.test.PP_Machines_storage.Region_Count" name="testSSHConnection" time="12.257"/>
  <system-out/>
</testsuite> <!-- com.test.PP_Machines_storage.Region_Count -->
